<?xml version="1.0" encoding="UTF-8"?>
<!-- Generated by org.testng.reporters.JUnitXMLReporter -->
<testsuite ignored="0" hostname="PF3ZE9EW" failures="0" tests="9" name="Product Test Cases" time="82.248" errors="0" timestamp="2023-05-31T15:22:07 IST">
  <testcase classname="qa.testcases.Product_Test" name="loginTest7" time="0.728"/>
  <testcase classname="qa.testcases.Product_Test" name="SidemenuNavigation" time="19.642"/>
  <testcase classname="qa.testcases.Product_Test" name="verifyProductEntityPage" time="0.609"/>
  <testcase classname="qa.testcases.Product_Test" name="csvUploadAndDownload" time="11.134"/>
  <testcase classname="qa.testcases.Product_Test" name="csvDownloadTemplate" time="6.615"/>
  <testcase classname="qa.testcases.Product_Test" name="verifySearchFeature" time="7.786"/>
  <testcase classname="qa.testcases.Product_Test" name="verifyDropDownTable" time="6.368"/>
  <testcase classname="qa.testcases.Product_Test" name="verifyDropDownMenuNavigation" time="4.872"/>
  <testcase classname="qa.testcases.Product_Test" name="verifypagination" time="16.355"/>
</testsuite> <!-- Product Test Cases -->
